<?xml version="1.0" encoding="UTF-8"?>
<!-- Generated by org.testng.reporters.JUnitXMLReporter -->
<testsuite ignored="5" hostname="DESKTOP-OL1LEDH" failures="2" tests="2" name="Default test(failed)" time="2.145" errors="0" timestamp="2023-03-28T02:31:03 IST">
  <testcase classname="Keywords.KeywordsInTestNg" name="ghi" time="2.025">
    <failure type="org.testng.internal.thread.ThreadTimeoutException" message="Method Keywords.KeywordsInTestNg.ghi() didn&amp;apos;t finish within the time-out 2000">
      <![CDATA[org.testng.internal.thread.ThreadTimeoutException: Method Keywords.KeywordsInTestNg.ghi() didn't finish within the time-out 2000
at java.base/java.util.ArrayList.forEach(ArrayList.java:1511)
... Removed 24 stack frames]]>
    </failure>
  </testcase> <!-- ghi -->
  <testcase classname="Keywords.KeywordsInTestNg" name="ghii" time="0.011">
    <failure type="java.lang.AssertionError" message="null">
      <![CDATA[java.lang.AssertionError: null
at Keywords.KeywordsInTestNg.ghii(KeywordsInTestNg.java:30)
at java.base/java.util.concurrent.FutureTask.run(FutureTask.java:264)
at java.base/java.util.concurrent.ThreadPoolExecutor.runWorker(ThreadPoolExecutor.java:1136)
at java.base/java.util.concurrent.ThreadPoolExecutor$Worker.run(ThreadPoolExecutor.java:635)
at java.base/java.lang.Thread.run(Thread.java:833)
... Removed 10 stack frames]]>
    </failure>
  </testcase> <!-- ghii -->
  <testcase classname="Keywords.KeywordsInTestNg" name="jkl" time="0.0">
    <ignored/>
  </testcase> <!-- jkl -->
  <testcase classname="Keywords.KeywordsInTestNg" name="kll" time="0.0">
    <ignored/>
  </testcase> <!-- kll -->
  <testcase classname="Keywords.KeywordsInTestNg" name="mno" time="0.0">
    <ignored/>
  </testcase> <!-- mno -->
  <testcase classname="Keywords.KeywordsInTestNg" name="abc" time="0.0">
    <ignored/>
  </testcase> <!-- abc -->
  <testcase classname="Keywords.KeywordsInTestNg" name="def" time="0.0">
    <ignored/>
  </testcase> <!-- def -->
</testsuite> <!-- Default test(failed) -->
