<?xml version="1.0" encoding="UTF-8"?>
<!-- Generated by org.testng.reporters.JUnitXMLReporter -->
<testsuite ignored="1" hostname="DESKTOP-OL1LEDH" failures="0" tests="3" name="Test" time="0.153" errors="0" timestamp="2023-03-28T19:56:05 IST">
  <testcase classname="groups.GroupingRegularExpression" name="test6" time="0.021"/>
  <testcase classname="groups.GroupingRegularExpression" name="test7" time="0.004"/>
  <testcase classname="groups.GroupingRegularExpression" name="test8" time="0.002"/>
  <testcase classname="groups.GroupingRegularExpression" name="test5" time="0.0">
    <ignored/>
  </testcase> <!-- test5 -->
</testsuite> <!-- Test -->
