<?xml version="1.0" encoding="UTF-8"?>
<!-- Generated by org.testng.reporters.JUnitXMLReporter -->
<testsuite ignored="0" hostname="DESKTOP-OL1LEDH" failures="0" tests="4" name="TestClassLevel" time="0.144" errors="0" timestamp="2023-03-28T20:18:36 IST">
  <testcase classname="groups.ClassLevelExecution" name="test5" time="0.02"/>
  <testcase classname="groups.ClassLevelExecution" name="test6" time="0.007"/>
  <testcase classname="groups.ClassLevelExecution" name="test7" time="0.004"/>
  <testcase classname="groups.ClassLevelExecution" name="test8" time="0.002"/>
</testsuite> <!-- TestClassLevel -->
