<?xml version="1.0" encoding="UTF-8"?>
<testng-results ignored="0" total="4" passed="3" failed="1" skipped="0">
  <reporter-output>
  </reporter-output>
  <suite started-at="2023-04-16T13:25:49 IST" name="Default suite" finished-at="2023-04-16T13:25:54 IST" duration-ms="5213">
    <groups>
    </groups>
    <test started-at="2023-04-16T13:25:49 IST" name="Default test" finished-at="2023-04-16T13:25:54 IST" duration-ms="5213">
      <class name="Listners.KeywordsInTestNg">
        <test-method signature="ghi()[pri:2, instance:Listners.KeywordsInTestNg@15eb5ee5]" started-at="2023-04-16T13:25:49 IST" name="ghi" finished-at="2023-04-16T13:25:54 IST" duration-ms="5045" status="FAIL">
          <exception class="org.testng.internal.thread.ThreadTimeoutException">
            <message>
              <![CDATA[Method Listners.KeywordsInTestNg.ghi() didn't finish within the time-out 5000]]>
            </message>
            <full-stacktrace>
              <![CDATA[org.testng.internal.thread.ThreadTimeoutException: Method Listners.KeywordsInTestNg.ghi() didn't finish within the time-out 5000
at org.testng.internal.MethodInvocationHelper.invokeWithTimeoutWithNewExecutor(MethodInvocationHelper.java:384)
at org.testng.internal.MethodInvocationHelper.invokeWithTimeout(MethodInvocationHelper.java:283)
at org.testng.internal.TestInvoker.invokeMethod(TestInvoker.java:604)
at org.testng.internal.TestInvoker.invokeTestMethod(TestInvoker.java:173)
at org.testng.internal.MethodRunner.runInSequence(MethodRunner.java:46)
at org.testng.internal.TestInvoker$MethodInvocationAgent.invoke(TestInvoker.java:824)
at org.testng.internal.TestInvoker.invokeTestMethods(TestInvoker.java:146)
at org.testng.internal.TestMethodWorker.invokeTestMethods(TestMethodWorker.java:146)
at org.testng.internal.TestMethodWorker.run(TestMethodWorker.java:128)
at java.base/java.util.ArrayList.forEach(ArrayList.java:1511)
at org.testng.TestRunner.privateRun(TestRunner.java:794)
at org.testng.TestRunner.run(TestRunner.java:596)
at org.testng.SuiteRunner.runTest(SuiteRunner.java:377)
at org.testng.SuiteRunner.runSequentially(SuiteRunner.java:371)
at org.testng.SuiteRunner.privateRun(SuiteRunner.java:332)
at org.testng.SuiteRunner.run(SuiteRunner.java:276)
at org.testng.SuiteRunnerWorker.runSuite(SuiteRunnerWorker.java:53)
at org.testng.SuiteRunnerWorker.run(SuiteRunnerWorker.java:96)
at org.testng.TestNG.runSuitesSequentially(TestNG.java:1212)
at org.testng.TestNG.runSuitesLocally(TestNG.java:1134)
at org.testng.TestNG.runSuites(TestNG.java:1063)
at org.testng.TestNG.run(TestNG.java:1031)
at org.testng.remote.AbstractRemoteTestNG.run(AbstractRemoteTestNG.java:115)
at org.testng.remote.RemoteTestNG.initAndRun(RemoteTestNG.java:251)
at org.testng.remote.RemoteTestNG.main(RemoteTestNG.java:77)
]]>
            </full-stacktrace>
          </exception> <!-- org.testng.internal.thread.ThreadTimeoutException -->
          <reporter-output>
          </reporter-output>
        </test-method> <!-- ghi -->
        <test-method signature="jkl()[pri:3, instance:Listners.KeywordsInTestNg@15eb5ee5]" started-at="2023-04-16T13:25:54 IST" name="jkl" finished-at="2023-04-16T13:25:54 IST" duration-ms="6" status="PASS">
          <reporter-output>
          </reporter-output>
        </test-method> <!-- jkl -->
        <test-method signature="jkl()[pri:3, instance:Listners.KeywordsInTestNg@15eb5ee5]" started-at="2023-04-16T13:25:54 IST" name="jkl" finished-at="2023-04-16T13:25:54 IST" duration-ms="4" status="PASS">
          <reporter-output>
          </reporter-output>
        </test-method> <!-- jkl -->
        <test-method signature="jkl()[pri:3, instance:Listners.KeywordsInTestNg@15eb5ee5]" started-at="2023-04-16T13:25:54 IST" name="jkl" finished-at="2023-04-16T13:25:54 IST" duration-ms="2" status="PASS">
          <reporter-output>
          </reporter-output>
        </test-method> <!-- jkl -->
      </class> <!-- Listners.KeywordsInTestNg -->
    </test> <!-- Default test -->
  </suite> <!-- Default suite -->
</testng-results>
